<?xml version="1.0" encoding="UTF-8"?>
<testng-results ignored="0" total="1" passed="1" failed="0" skipped="0">
  <reporter-output>
  </reporter-output>
  <suite started-at="2021-09-12T07:30:37Z" name="Default suite" finished-at="2021-09-12T07:30:44Z" duration-ms="7452">
    <groups>
    </groups>
    <test started-at="2021-09-12T07:30:37Z" name="Default test" finished-at="2021-09-12T07:30:44Z" duration-ms="7452">
      <class name="com.qa.testcases.HomepageTest">
        <test-method is-config="true" signature="setup()[pri:0, instance:com.qa.testcases.HomepageTest@6ee4d9ab]" started-at="2021-09-12T07:30:37Z" name="setup" finished-at="2021-09-12T07:30:44Z" duration-ms="7079" status="PASS">
          <reporter-output>
          </reporter-output>
        </test-method> <!-- setup -->
        <test-method signature="validatelogo()[pri:0, instance:com.qa.testcases.HomepageTest@6ee4d9ab]" started-at="2021-09-12T07:30:44Z" name="validatelogo" finished-at="2021-09-12T07:30:44Z" duration-ms="119" status="PASS">
          <reporter-output>
          </reporter-output>
        </test-method> <!-- validatelogo -->
        <test-method is-config="true" signature="shutdown()[pri:0, instance:com.qa.testcases.HomepageTest@6ee4d9ab]" started-at="2021-09-12T07:30:44Z" name="shutdown" finished-at="2021-09-12T07:30:44Z" duration-ms="225" status="PASS">
          <reporter-output>
          </reporter-output>
        </test-method> <!-- shutdown -->
      </class> <!-- com.qa.testcases.HomepageTest -->
    </test> <!-- Default test -->
  </suite> <!-- Default suite -->
</testng-results>
